{"/home/batman/MEGA/Workspaces/MyExample/src/main.spec.ts":{"path":"/home/batman/MEGA/Workspaces/MyExample/src/main.spec.ts","statementMap":{"0":{"start":{"line":2,"column":0},"end":{"line":2,"column":62}},"1":{"start":{"line":3,"column":13},"end":{"line":3,"column":30}},"2":{"start":{"line":4,"column":13},"end":{"line":4,"column":28}},"3":{"start":{"line":5,"column":0},"end":{"line":5,"column":17}},"4":{"start":{"line":6,"column":0},"end":{"line":11,"column":3}},"5":{"start":{"line":7,"column":4},"end":{"line":10,"column":7}},"6":{"start":{"line":8,"column":21},"end":{"line":8,"column":36}},"7":{"start":{"line":9,"column":8},"end":{"line":9,"column":55}},"8":{"start":{"line":12,"column":0},"end":{"line":21,"column":3}},"9":{"start":{"line":13,"column":4},"end":{"line":16,"column":7}},"10":{"start":{"line":14,"column":21},"end":{"line":14,"column":40}},"11":{"start":{"line":15,"column":8},"end":{"line":15,"column":53}},"12":{"start":{"line":17,"column":4},"end":{"line":20,"column":7}},"13":{"start":{"line":18,"column":21},"end":{"line":18,"column":44}},"14":{"start":{"line":19,"column":8},"end":{"line":19,"column":55}}},"fnMap":{"0":{"name":"(anonymous_0)","decl":{"start":{"line":6,"column":28},"end":{"line":6,"column":29}},"loc":{"start":{"line":6,"column":40},"end":{"line":11,"column":1}},"line":6},"1":{"name":"(anonymous_1)","decl":{"start":{"line":7,"column":36},"end":{"line":7,"column":37}},"loc":{"start":{"line":7,"column":48},"end":{"line":10,"column":5}},"line":7},"2":{"name":"(anonymous_2)","decl":{"start":{"line":12,"column":27},"end":{"line":12,"column":28}},"loc":{"start":{"line":12,"column":39},"end":{"line":21,"column":1}},"line":12},"3":{"name":"(anonymous_3)","decl":{"start":{"line":13,"column":51},"end":{"line":13,"column":52}},"loc":{"start":{"line":13,"column":63},"end":{"line":16,"column":5}},"line":13},"4":{"name":"(anonymous_4)","decl":{"start":{"line":17,"column":62},"end":{"line":17,"column":63}},"loc":{"start":{"line":17,"column":74},"end":{"line":20,"column":5}},"line":17}},"branchMap":{},"s":{"0":1,"1":1,"2":1,"3":1,"4":1,"5":1,"6":1,"7":1,"8":1,"9":1,"10":1,"11":1,"12":1,"13":1,"14":1},"f":{"0":1,"1":1,"2":1,"3":1,"4":1},"b":{},"inputSourceMap":{"version":3,"file":"/home/batman/MEGA/Workspaces/MyExample/src/main.spec.ts","sources":["/home/batman/MEGA/Workspaces/MyExample/src/main.spec.ts"],"names":[],"mappings":";;AAAA,+BAAqC;AACrC,6BAA4B;AAC5B,iBAAe;AAEf,QAAQ,CAAC,iBAAiB,EAAE;IAC1B,EAAE,CAAC,2BAA2B,EAAE;QAC9B,IAAM,MAAM,GAAG,aAAM,EAAE,CAAC;QACxB,aAAM,CAAC,MAAM,CAAC,CAAC,EAAE,CAAC,KAAK,CAAC,cAAc,CAAC,CAAC;IAC1C,CAAC,CAAC,CAAC;AACL,CAAC,CAAC,CAAC;AAEH,QAAQ,CAAC,gBAAgB,EAAE;IACzB,EAAE,CAAC,0CAA0C,EAAE;QAC7C,IAAM,MAAM,GAAG,YAAK,CAAC,KAAK,CAAC,CAAC;QAC5B,aAAM,CAAC,MAAM,CAAC,CAAC,EAAE,CAAC,KAAK,CAAC,YAAY,CAAC,CAAC;IACxC,CAAC,CAAC,CAAC;IACH,EAAE,CAAC,qDAAqD,EAAE;QACxD,IAAM,MAAM,GAAG,YAAK,CAAC,SAAS,CAAC,CAAC;QAChC,aAAM,CAAC,MAAM,CAAC,CAAC,EAAE,CAAC,KAAK,CAAC,cAAc,CAAC,CAAC;IAC1C,CAAC,CAAC,CAAC;AACL,CAAC,CAAC,CAAC","sourcesContent":["import {hello, hello2} from './main';\nimport {expect} from 'chai';\nimport 'mocha';\n\ndescribe('Hello2 function', () => {\n  it('should return hello world', () => {\n    const result = hello2();\n    expect(result).to.equal('Hello world!');\n  });\n});\n\ndescribe('Hello function', () => {\n  it('should return hello followed by the name', () => {\n    const result = hello('joe');\n    expect(result).to.equal('Hello joe!');\n  });\n  it('should return hello world if paramater is undefined', () => {\n    const result = hello(undefined);\n    expect(result).to.equal('Hello world!');\n  });\n});\n"]},"_coverageSchema":"1a1c01bbd47fc00a2c39e90264f33305004495a9","hash":"b56e5101a03aff2571e8048de2dfdb4be517afc2","contentHash":"0c410ba0156f130eaeae02ffb61a02ff480d43186559d90a14ce8e36523e815a"},"/home/batman/MEGA/Workspaces/MyExample/src/main.ts":{"path":"/home/batman/MEGA/Workspaces/MyExample/src/main.ts","statementMap":{"0":{"start":{"line":2,"column":0},"end":{"line":2,"column":62}},"1":{"start":{"line":3,"column":0},"end":{"line":3,"column":40}},"2":{"start":{"line":4,"column":0},"end":{"line":7,"column":2}},"3":{"start":{"line":5,"column":4},"end":{"line":5,"column":44}},"4":{"start":{"line":5,"column":27},"end":{"line":5,"column":42}},"5":{"start":{"line":6,"column":4},"end":{"line":6,"column":33}},"6":{"start":{"line":8,"column":0},"end":{"line":8,"column":57}},"7":{"start":{"line":8,"column":31},"end":{"line":8,"column":54}},"8":{"start":{"line":9,"column":0},"end":{"line":9,"column":29}}},"fnMap":{"0":{"name":"(anonymous_0)","decl":{"start":{"line":4,"column":16},"end":{"line":4,"column":17}},"loc":{"start":{"line":4,"column":32},"end":{"line":7,"column":1}},"line":4},"1":{"name":"(anonymous_1)","decl":{"start":{"line":8,"column":17},"end":{"line":8,"column":18}},"loc":{"start":{"line":8,"column":29},"end":{"line":8,"column":56}},"line":8}},"branchMap":{"0":{"loc":{"start":{"line":5,"column":4},"end":{"line":5,"column":44}},"type":"if","locations":[{"start":{"line":5,"column":4},"end":{"line":5,"column":44}},{"start":{"line":5,"column":4},"end":{"line":5,"column":44}}],"line":5}},"s":{"0":1,"1":1,"2":1,"3":3,"4":2,"5":3,"6":1,"7":1,"8":1},"f":{"0":3,"1":1},"b":{"0":[2,1]},"inputSourceMap":{"version":3,"file":"/home/batman/MEGA/Workspaces/MyExample/src/main.ts","sources":["/home/batman/MEGA/Workspaces/MyExample/src/main.ts"],"names":[],"mappings":";;;AAAa,QAAA,KAAK,GAAG,UAAC,IAAc;IAAd,qBAAA,EAAA,cAAc;IAAK,OAAA,WAAS,IAAI,MAAG;AAAhB,CAAgB,CAAC;AAC7C,QAAA,MAAM,GAAG,cAAM,OAAA,aAAK,EAAE,EAAP,CAAO,CAAC;AAEpC,OAAO,CAAC,GAAG,CAAC,eAAe,CAAC,CAAC","sourcesContent":["export const hello = (word = 'world') => `Hello ${word}!`;\nexport const hello2 = () => hello();\n\nconsole.log('Hello, world!');\n"]},"_coverageSchema":"1a1c01bbd47fc00a2c39e90264f33305004495a9","hash":"624c0103828b53dfe0d6c3cdd5af4cfccbea72b8","contentHash":"58e9b7a5950dc3481c3e9edfd83b823bc6acf9715d29ac2d25b4675395cd58df"}}