TN:
SF:src/main.spec.ts
FN:5,(anonymous_0)
FN:6,(anonymous_1)
FN:12,(anonymous_2)
FN:13,(anonymous_3)
FN:17,(anonymous_4)
FNF:5
FNH:5
FNDA:1,(anonymous_0)
FNDA:1,(anonymous_1)
FNDA:1,(anonymous_2)
FNDA:1,(anonymous_3)
FNDA:1,(anonymous_4)
DA:1,1
DA:2,1
DA:3,1
DA:5,1
DA:6,1
DA:7,1
DA:8,1
DA:12,1
DA:13,1
DA:14,1
DA:15,1
DA:17,1
DA:18,1
DA:19,1
LF:14
LH:14
BRF:0
BRH:0
end_of_record
TN:
SF:src/main.ts
FN:1,(anonymous_0)
FN:2,(anonymous_1)
FNF:2
FNH:2
FNDA:3,(anonymous_0)
FNDA:1,(anonymous_1)
DA:1,5
DA:2,1
LF:2
LH:2
BRDA:1,0,0,2
BRDA:1,0,1,1
BRF:2
BRH:2
end_of_record
